#@ # 
#@ # Running fm_shell Version H-2013.03-SP2 for amd64 -- May 28, 2013
#@ # Date:   Tue Jun 14 15:16:26 2022
#@ # Run by: ab_arumu@willpower.encs.concordia.ca
#@ 

source /CMC/tools/synopsys/fm_vH-2013.03-SP2/admin/setup/.synopsys_fm.setup
#@ # -- Starting source /CMC/tools/synopsys/fm_vH-2013.03-SP2/admin/setup/.synopsys_fm.setup

#@ #
#@ # .synopsys_fm.setup: Initialization File for Formality
#@ #
#@ 
#@ 
#@ #
#@ # Enable stack trace output on fatal.  Not available for all architectures.
#@ #
#@ if { $sh_arch == "sparc" || $sh_arch == "sparcOS5" ||      $sh_arch == "hp700" || $sh_arch == "hpux10" } {
#@   set_unix_variable SYNOPSYS_TRACE ""
#@ }
#@ 
#@ #
#@ # Variable settings
#@ #
#@ set sh_new_variable_message true
#@ 
#@ #
#@ # Synopsys strongly recommends that you uncomment the following command
#@ # in order to set sh_command_abbrev_mode to the value "Command-Line-Only".
#@ # Command abbreviation is intended as an interactive convenience.  Using
#@ # abbreviations in scripts can cause commands to fail in subsequent releases.
#@ # 
#@ #set sh_command_abbrev_mode "Command-Line-Only"
#@ 
#@ #
#@ # Some useful aliases
#@ #
#@ alias list_commands		help
#@ 
#@ #
#@ # The alias of q to quit is commented out.  Remove the comment 
#@ # character if you want this alias.  Some users find that having 
#@ # this particular alias causes problems when mixed with page-mode
#@ # for reports - an accidental repeated 'q' not only cancels the
#@ # output but exits the tool.
#@ #
#@ #alias q quit
#@ # -- End source /CMC/tools/synopsys/fm_vH-2013.03-SP2/admin/setup/.synopsys_fm.setup

set synopsys_auto_setup true 
read_vhdl -container r -libname WORK -93 { /nfs/home/a/ab_arumu/formality/netlist.vhdl } 
read_db { /nfs/home/a/ab_arumu/formality/class.db } 
set_top r:/WORK/am_baud_rate_gen_baudrate115200_clock_freq_mhz200_over_sample4 
set_reference r:/WORK/am_baud_rate_gen_baudrate115200_clock_freq_mhz200_over_sample4 
read_vhdl -container i -libname WORK -93 { /nfs/home/a/ab_arumu/BG/final.vhd } 
read_db { /nfs/home/a/ab_arumu/BG/class.db } 
set_top i:/WORK/am_baud_rate_gen_baudrate115200_clock_freq_mhz200_over_sample4 
set_implementation i:/WORK/am_baud_rate_gen_baudrate115200_clock_freq_mhz200_over_sample4 
match 
verify 
