Info:  Net i:/WORK/am_baud_rate_gen_baudrate115200_clock_freq_mhz200_over_sample4/n16_port is undriven.
Info:  Net i:/WORK/am_baud_rate_gen_baudrate115200_clock_freq_mhz200_over_sample4/n64 is undriven.
Info:  Multiple drivers on net i:/WORK/am_baud_rate_gen_baudrate115200_clock_freq_mhz200_over_sample4/n_999.
Info:  Multiple drivers on net i:/CLASS/FD1/Q.
Info:  Multiple drivers on net i:/CLASS/FD1/QN.
Info:  Net i:/WORK/am_baud_rate_gen_baudrate115200_clock_freq_mhz200_over_sample4/n16_port is undriven.
Info:  Multiple drivers on net i:/WORK/am_baud_rate_gen_baudrate115200_clock_freq_mhz200_over_sample4/n36.
Info:  Net i:/WORK/am_baud_rate_gen_baudrate115200_clock_freq_mhz200_over_sample4/n45 is undriven.
Info:  Net i:/WORK/am_baud_rate_gen_baudrate115200_clock_freq_mhz200_over_sample4/n64 is undriven.
Info:  Multiple drivers on net i:/WORK/am_baud_rate_gen_baudrate115200_clock_freq_mhz200_over_sample4/n_999.
Info:  Multiple drivers on net i:/CLASS/FD1/Q.
Info:  Multiple drivers on net i:/CLASS/FD1/QN.
Info:  Multiple drivers on net i:/CLASS/ND2I/Z.
Info:  Multiple drivers on net i:/CLASS/IVI/Z.
Info:  Net i:/WORK/am_baud_rate_gen_baudrate115200_clock_freq_mhz200_over_sample4/n16_port is undriven.
Info:  Net i:/WORK/am_baud_rate_gen_baudrate115200_clock_freq_mhz200_over_sample4/n64 is undriven.
Info:  Multiple drivers on net i:/WORK/am_baud_rate_gen_baudrate115200_clock_freq_mhz200_over_sample4/n_999.
Info:  Multiple drivers on net i:/CLASS/FD1/Q.
Info:  Multiple drivers on net i:/CLASS/FD1/QN.
Info:  Net i:/WORK/am_baud_rate_gen_baudrate115200_clock_freq_mhz200_over_sample4/n16_port is undriven.
Info:  Net i:/WORK/am_baud_rate_gen_baudrate115200_clock_freq_mhz200_over_sample4/n64 is undriven.
Info:  Multiple drivers on net i:/WORK/am_baud_rate_gen_baudrate115200_clock_freq_mhz200_over_sample4/n_999.
Info:  Multiple drivers on net i:/CLASS/FD1/Q.
Info:  Multiple drivers on net i:/CLASS/FD1/QN.
Info:  Net i:/WORK/am_baud_rate_gen_baudrate115200_clock_freq_mhz200_over_sample4/n16_port is undriven.
Info:  Net i:/WORK/am_baud_rate_gen_baudrate115200_clock_freq_mhz200_over_sample4/n64 is undriven.
Info:  Multiple drivers on net i:/WORK/am_baud_rate_gen_baudrate115200_clock_freq_mhz200_over_sample4/n_999.
Info:  Multiple drivers on net i:/CLASS/FD1/Q.
Info:  Multiple drivers on net i:/CLASS/FD1/QN.
